<?xml version="1.0" encoding="UTF-8"?>
<testng-results ignored="0" total="1" passed="1" failed="0" skipped="0">
  <reporter-output>
  </reporter-output>
  <suite started-at="2024-07-11T11:43:21 IST" name="Default suite" finished-at="2024-07-11T12:16:30 IST" duration-ms="1989567">
    <groups>
    </groups>
    <test started-at="2024-07-11T11:43:21 IST" name="Default test" finished-at="2024-07-11T12:16:30 IST" duration-ms="1989567">
      <class name="Hydro.GeneratePot.Sessions">
        <test-method signature="testBrowser()[pri:0, instance:Hydro.GeneratePot.Sessions@478190fc]" started-at="2024-07-11T11:43:21 IST" name="testBrowser" finished-at="2024-07-11T12:16:30 IST" duration-ms="1989534" status="PASS">
          <reporter-output>
          </reporter-output>
        </test-method> <!-- testBrowser -->
      </class> <!-- Hydro.GeneratePot.Sessions -->
    </test> <!-- Default test -->
  </suite> <!-- Default suite -->
</testng-results>
